The system is: Windows - 10.0.19042 - AMD64
Compiling the C compiler identification source file "CMakeCCompilerId.c" succeeded.
Compiler: C:/Program Files (x86)/Microsoft Visual Studio/2019/Community/VC/Tools/MSVC/14.29.30133/bin/Hostx86/x86/cl.exe 
Build flags: 
Id flags:  

The output was:
0
Microsoft (R) C/C++ Optimizing Compiler Version 19.29.30136 for x86
Copyright (C) Microsoft Corporation.  All rights reserved.

CMakeCCompilerId.c
Microsoft (R) Incremental Linker Version 14.29.30136.0
Copyright (C) Microsoft Corporation.  All rights reserved.

/out:CMakeCCompilerId.exe 
CMakeCCompilerId.obj 


Compilation of the C compiler identification source "CMakeCCompilerId.c" produced "CMakeCCompilerId.exe"

Compilation of the C compiler identification source "CMakeCCompilerId.c" produced "CMakeCCompilerId.obj"

The C compiler identification is MSVC, found in "L:/CLionProjects/EX1_mivne/cmake-build-debug-visual-studio/CMakeFiles/3.21.1/CompilerIdC/CMakeCCompilerId.exe"

Detecting C compiler ABI info compiled with the following output:
Change Dir: L:/CLionProjects/EX1_mivne/cmake-build-debug-visual-studio/CMakeFiles/CMakeTmp

Run Build Command(s):L:/Program Files/JetBrains/apps/CLion/ch-0/213.4928.11/bin/ninja/win/ninja.exe cmTC_d565c && [1/2] Building C object CMakeFiles\cmTC_d565c.dir\CMakeCCompilerABI.c.obj
[2/2] Linking C executable cmTC_d565c.exe



